Determining if the pthread_create exist failed with the following output:
Change Dir: /home/acco/CLionProjects/cvrp-lib/cmake-build-debug/CMakeFiles/CMakeTmp

Run Build Command(s):/usr/bin/make cmTC_f34e0/fast 
/usr/bin/make -f CMakeFiles/cmTC_f34e0.dir/build.make CMakeFiles/cmTC_f34e0.dir/build
make[1]: Entering directory '/home/acco/CLionProjects/cvrp-lib/cmake-build-debug/CMakeFiles/CMakeTmp'
Building C object CMakeFiles/cmTC_f34e0.dir/CheckSymbolExists.c.o
/usr/bin/cc    -o CMakeFiles/cmTC_f34e0.dir/CheckSymbolExists.c.o   -c /home/acco/CLionProjects/cvrp-lib/cmake-build-debug/CMakeFiles/CMakeTmp/CheckSymbolExists.c
Linking C executable cmTC_f34e0
/home/acco/Downloads/CLion-2019.2/clion-2019.2/bin/cmake/linux/bin/cmake -E cmake_link_script CMakeFiles/cmTC_f34e0.dir/link.txt --verbose=1
/usr/bin/cc      -rdynamic CMakeFiles/cmTC_f34e0.dir/CheckSymbolExists.c.o  -o cmTC_f34e0 
CMakeFiles/cmTC_f34e0.dir/CheckSymbolExists.c.o: In function `main':
CheckSymbolExists.c:(.text+0x1b): undefined reference to `pthread_create'
collect2: error: ld returned 1 exit status
CMakeFiles/cmTC_f34e0.dir/build.make:86: recipe for target 'cmTC_f34e0' failed
make[1]: *** [cmTC_f34e0] Error 1
make[1]: Leaving directory '/home/acco/CLionProjects/cvrp-lib/cmake-build-debug/CMakeFiles/CMakeTmp'
Makefile:121: recipe for target 'cmTC_f34e0/fast' failed
make: *** [cmTC_f34e0/fast] Error 2

File /home/acco/CLionProjects/cvrp-lib/cmake-build-debug/CMakeFiles/CMakeTmp/CheckSymbolExists.c:
/* */
#include <pthread.h>

int main(int argc, char** argv)
{
  (void)argv;
#ifndef pthread_create
  return ((int*)(&pthread_create))[argc];
#else
  (void)argc;
  return 0;
#endif
}

